<?xml version="1.0" encoding="UTF-8"?>
<!-- Generated by org.testng.reporters.JUnitReportReporter -->
<testsuite hostname="DESKTOP-6ONO4SR" failures="0" tests="1" name="Practice.HRMflowTest" time="11.370" errors="0" timestamp="2024-06-02T21:15:32 IST" skipped="0">
  <testcase classname="Practice.HRMflowTest" name="HRMflow" time="11.370"/>
  <system-out/>
</testsuite> <!-- Practice.HRMflowTest -->
