<?xml version="1.0" encoding="UTF-8"?>
<!-- Generated by org.testng.reporters.JUnitReportReporter -->
<testsuite hostname="DESKTOP-6ONO4SR" failures="0" tests="1" name="Practice.HRMflow" time="11.315" errors="0" timestamp="2024-06-02T21:01:51 IST" skipped="0">
  <testcase classname="Practice.HRMflow" name="HRMflow" time="11.315"/>
  <system-out/>
</testsuite> <!-- Practice.HRMflow -->
